Determining if the pthread_create exist failed with the following output:
Change Dir: /home/xuxuxu/b/cmake/彩色追踪/build/CMakeFiles/CMakeTmp

Run Build Command:"/usr/bin/make" "cmTC_b9870/fast"
make[1]: Entering directory '/home/xuxuxu/b/cmake/彩色追踪/build/CMakeFiles/CMakeTmp'
/usr/bin/make -f CMakeFiles/cmTC_b9870.dir/build.make CMakeFiles/cmTC_b9870.dir/build
make[2]: Entering directory '/home/xuxuxu/b/cmake/彩色追踪/build/CMakeFiles/CMakeTmp'
Building C object CMakeFiles/cmTC_b9870.dir/CheckSymbolExists.c.o
/usr/bin/cc    -fPIC    -o CMakeFiles/cmTC_b9870.dir/CheckSymbolExists.c.o   -c /home/xuxuxu/b/cmake/彩色追踪/build/CMakeFiles/CMakeTmp/CheckSymbolExists.c
Linking C executable cmTC_b9870
/usr/bin/cmake -E cmake_link_script CMakeFiles/cmTC_b9870.dir/link.txt --verbose=1
/usr/bin/cc  -fPIC     CMakeFiles/cmTC_b9870.dir/CheckSymbolExists.c.o  -o cmTC_b9870 -rdynamic 
CMakeFiles/cmTC_b9870.dir/CheckSymbolExists.c.o：在函数‘main’中：
CheckSymbolExists.c:(.text+0x1b)：对‘pthread_create’未定义的引用
collect2: error: ld returned 1 exit status
CMakeFiles/cmTC_b9870.dir/build.make:97: recipe for target 'cmTC_b9870' failed
make[2]: *** [cmTC_b9870] Error 1
make[2]: Leaving directory '/home/xuxuxu/b/cmake/彩色追踪/build/CMakeFiles/CMakeTmp'
Makefile:126: recipe for target 'cmTC_b9870/fast' failed
make[1]: *** [cmTC_b9870/fast] Error 2
make[1]: Leaving directory '/home/xuxuxu/b/cmake/彩色追踪/build/CMakeFiles/CMakeTmp'

File /home/xuxuxu/b/cmake/彩色追踪/build/CMakeFiles/CMakeTmp/CheckSymbolExists.c:
/* */
#include <pthread.h>

int main(int argc, char** argv)
{
  (void)argv;
#ifndef pthread_create
  return ((int*)(&pthread_create))[argc];
#else
  (void)argc;
  return 0;
#endif
}

Determining if the function pthread_create exists in the pthreads failed with the following output:
Change Dir: /home/xuxuxu/b/cmake/彩色追踪/build/CMakeFiles/CMakeTmp

Run Build Command:"/usr/bin/make" "cmTC_27e69/fast"
make[1]: Entering directory '/home/xuxuxu/b/cmake/彩色追踪/build/CMakeFiles/CMakeTmp'
/usr/bin/make -f CMakeFiles/cmTC_27e69.dir/build.make CMakeFiles/cmTC_27e69.dir/build
make[2]: Entering directory '/home/xuxuxu/b/cmake/彩色追踪/build/CMakeFiles/CMakeTmp'
Building C object CMakeFiles/cmTC_27e69.dir/CheckFunctionExists.c.o
/usr/bin/cc    -fPIC -DCHECK_FUNCTION_EXISTS=pthread_create   -o CMakeFiles/cmTC_27e69.dir/CheckFunctionExists.c.o   -c /usr/share/cmake-3.5/Modules/CheckFunctionExists.c
Linking C executable cmTC_27e69
/usr/bin/cmake -E cmake_link_script CMakeFiles/cmTC_27e69.dir/link.txt --verbose=1
/usr/bin/cc  -fPIC -DCHECK_FUNCTION_EXISTS=pthread_create    CMakeFiles/cmTC_27e69.dir/CheckFunctionExists.c.o  -o cmTC_27e69 -rdynamic -lpthreads 
/usr/bin/ld: 找不到 -lpthreads
collect2: error: ld returned 1 exit status
CMakeFiles/cmTC_27e69.dir/build.make:97: recipe for target 'cmTC_27e69' failed
make[2]: *** [cmTC_27e69] Error 1
make[2]: Leaving directory '/home/xuxuxu/b/cmake/彩色追踪/build/CMakeFiles/CMakeTmp'
Makefile:126: recipe for target 'cmTC_27e69/fast' failed
make[1]: *** [cmTC_27e69/fast] Error 2
make[1]: Leaving directory '/home/xuxuxu/b/cmake/彩色追踪/build/CMakeFiles/CMakeTmp'


