Determining if the pthread_create exist failed with the following output:
Change Dir: /home/xuxuxu/b/cmake/带面具/build/CMakeFiles/CMakeTmp

Run Build Command:"/usr/bin/make" "cmTC_9d33b/fast"
/usr/bin/make -f CMakeFiles/cmTC_9d33b.dir/build.make CMakeFiles/cmTC_9d33b.dir/build
make[1]: Entering directory '/home/xuxuxu/b/cmake/带面具/build/CMakeFiles/CMakeTmp'
Building C object CMakeFiles/cmTC_9d33b.dir/CheckSymbolExists.c.o
/usr/bin/cc    -fPIC    -o CMakeFiles/cmTC_9d33b.dir/CheckSymbolExists.c.o   -c /home/xuxuxu/b/cmake/带面具/build/CMakeFiles/CMakeTmp/CheckSymbolExists.c
Linking C executable cmTC_9d33b
/usr/bin/cmake -E cmake_link_script CMakeFiles/cmTC_9d33b.dir/link.txt --verbose=1
/usr/bin/cc  -fPIC     CMakeFiles/cmTC_9d33b.dir/CheckSymbolExists.c.o  -o cmTC_9d33b -rdynamic 
CMakeFiles/cmTC_9d33b.dir/CheckSymbolExists.c.o：在函数‘main’中：
CheckSymbolExists.c:(.text+0x1b)：对‘pthread_create’未定义的引用
collect2: error: ld returned 1 exit status
CMakeFiles/cmTC_9d33b.dir/build.make:97: recipe for target 'cmTC_9d33b' failed
make[1]: *** [cmTC_9d33b] Error 1
make[1]: Leaving directory '/home/xuxuxu/b/cmake/带面具/build/CMakeFiles/CMakeTmp'
Makefile:126: recipe for target 'cmTC_9d33b/fast' failed
make: *** [cmTC_9d33b/fast] Error 2

File /home/xuxuxu/b/cmake/带面具/build/CMakeFiles/CMakeTmp/CheckSymbolExists.c:
/* */
#include <pthread.h>

int main(int argc, char** argv)
{
  (void)argv;
#ifndef pthread_create
  return ((int*)(&pthread_create))[argc];
#else
  (void)argc;
  return 0;
#endif
}

Determining if the function pthread_create exists in the pthreads failed with the following output:
Change Dir: /home/xuxuxu/b/cmake/带面具/build/CMakeFiles/CMakeTmp

Run Build Command:"/usr/bin/make" "cmTC_5da26/fast"
/usr/bin/make -f CMakeFiles/cmTC_5da26.dir/build.make CMakeFiles/cmTC_5da26.dir/build
make[1]: Entering directory '/home/xuxuxu/b/cmake/带面具/build/CMakeFiles/CMakeTmp'
Building C object CMakeFiles/cmTC_5da26.dir/CheckFunctionExists.c.o
/usr/bin/cc    -fPIC -DCHECK_FUNCTION_EXISTS=pthread_create   -o CMakeFiles/cmTC_5da26.dir/CheckFunctionExists.c.o   -c /usr/share/cmake-3.5/Modules/CheckFunctionExists.c
Linking C executable cmTC_5da26
/usr/bin/cmake -E cmake_link_script CMakeFiles/cmTC_5da26.dir/link.txt --verbose=1
/usr/bin/cc  -fPIC -DCHECK_FUNCTION_EXISTS=pthread_create    CMakeFiles/cmTC_5da26.dir/CheckFunctionExists.c.o  -o cmTC_5da26 -rdynamic -lpthreads 
/usr/bin/ld: 找不到 -lpthreads
collect2: error: ld returned 1 exit status
CMakeFiles/cmTC_5da26.dir/build.make:97: recipe for target 'cmTC_5da26' failed
make[1]: *** [cmTC_5da26] Error 1
make[1]: Leaving directory '/home/xuxuxu/b/cmake/带面具/build/CMakeFiles/CMakeTmp'
Makefile:126: recipe for target 'cmTC_5da26/fast' failed
make: *** [cmTC_5da26/fast] Error 2


