Determining if the pthread_create exist failed with the following output:
Change Dir: /home/xuxuxu/b/cmake/bitwise/build/CMakeFiles/CMakeTmp

Run Build Command:"/usr/bin/make" "cmTC_7b38a/fast"
/usr/bin/make -f CMakeFiles/cmTC_7b38a.dir/build.make CMakeFiles/cmTC_7b38a.dir/build
make[1]: Entering directory '/home/xuxuxu/b/cmake/bitwise/build/CMakeFiles/CMakeTmp'
Building C object CMakeFiles/cmTC_7b38a.dir/CheckSymbolExists.c.o
/usr/bin/cc    -fPIC    -o CMakeFiles/cmTC_7b38a.dir/CheckSymbolExists.c.o   -c /home/xuxuxu/b/cmake/bitwise/build/CMakeFiles/CMakeTmp/CheckSymbolExists.c
Linking C executable cmTC_7b38a
/usr/bin/cmake -E cmake_link_script CMakeFiles/cmTC_7b38a.dir/link.txt --verbose=1
/usr/bin/cc  -fPIC     CMakeFiles/cmTC_7b38a.dir/CheckSymbolExists.c.o  -o cmTC_7b38a -rdynamic 
CMakeFiles/cmTC_7b38a.dir/CheckSymbolExists.c.o：在函数‘main’中：
CheckSymbolExists.c:(.text+0x1b)：对‘pthread_create’未定义的引用
collect2: error: ld returned 1 exit status
CMakeFiles/cmTC_7b38a.dir/build.make:97: recipe for target 'cmTC_7b38a' failed
make[1]: *** [cmTC_7b38a] Error 1
make[1]: Leaving directory '/home/xuxuxu/b/cmake/bitwise/build/CMakeFiles/CMakeTmp'
Makefile:126: recipe for target 'cmTC_7b38a/fast' failed
make: *** [cmTC_7b38a/fast] Error 2

File /home/xuxuxu/b/cmake/bitwise/build/CMakeFiles/CMakeTmp/CheckSymbolExists.c:
/* */
#include <pthread.h>

int main(int argc, char** argv)
{
  (void)argv;
#ifndef pthread_create
  return ((int*)(&pthread_create))[argc];
#else
  (void)argc;
  return 0;
#endif
}

Determining if the function pthread_create exists in the pthreads failed with the following output:
Change Dir: /home/xuxuxu/b/cmake/bitwise/build/CMakeFiles/CMakeTmp

Run Build Command:"/usr/bin/make" "cmTC_f65b2/fast"
/usr/bin/make -f CMakeFiles/cmTC_f65b2.dir/build.make CMakeFiles/cmTC_f65b2.dir/build
make[1]: Entering directory '/home/xuxuxu/b/cmake/bitwise/build/CMakeFiles/CMakeTmp'
Building C object CMakeFiles/cmTC_f65b2.dir/CheckFunctionExists.c.o
/usr/bin/cc    -fPIC -DCHECK_FUNCTION_EXISTS=pthread_create   -o CMakeFiles/cmTC_f65b2.dir/CheckFunctionExists.c.o   -c /usr/share/cmake-3.5/Modules/CheckFunctionExists.c
Linking C executable cmTC_f65b2
/usr/bin/cmake -E cmake_link_script CMakeFiles/cmTC_f65b2.dir/link.txt --verbose=1
/usr/bin/cc  -fPIC -DCHECK_FUNCTION_EXISTS=pthread_create    CMakeFiles/cmTC_f65b2.dir/CheckFunctionExists.c.o  -o cmTC_f65b2 -rdynamic -lpthreads 
/usr/bin/ld: 找不到 -lpthreads
collect2: error: ld returned 1 exit status
CMakeFiles/cmTC_f65b2.dir/build.make:97: recipe for target 'cmTC_f65b2' failed
make[1]: *** [cmTC_f65b2] Error 1
make[1]: Leaving directory '/home/xuxuxu/b/cmake/bitwise/build/CMakeFiles/CMakeTmp'
Makefile:126: recipe for target 'cmTC_f65b2/fast' failed
make: *** [cmTC_f65b2/fast] Error 2


