Determining if the pthread_create exist failed with the following output:
Change Dir: /home/xuxuxu/b/cmake/仿射变换1/build/CMakeFiles/CMakeTmp

Run Build Command:"/usr/bin/make" "cmTC_b72bd/fast"
/usr/bin/make -f CMakeFiles/cmTC_b72bd.dir/build.make CMakeFiles/cmTC_b72bd.dir/build
make[1]: Entering directory '/home/xuxuxu/b/cmake/仿射变换1/build/CMakeFiles/CMakeTmp'
Building C object CMakeFiles/cmTC_b72bd.dir/CheckSymbolExists.c.o
/usr/bin/cc    -fPIC    -o CMakeFiles/cmTC_b72bd.dir/CheckSymbolExists.c.o   -c /home/xuxuxu/b/cmake/仿射变换1/build/CMakeFiles/CMakeTmp/CheckSymbolExists.c
Linking C executable cmTC_b72bd
/usr/bin/cmake -E cmake_link_script CMakeFiles/cmTC_b72bd.dir/link.txt --verbose=1
/usr/bin/cc  -fPIC     CMakeFiles/cmTC_b72bd.dir/CheckSymbolExists.c.o  -o cmTC_b72bd -rdynamic 
CMakeFiles/cmTC_b72bd.dir/CheckSymbolExists.c.o：在函数‘main’中：
CheckSymbolExists.c:(.text+0x1b)：对‘pthread_create’未定义的引用
collect2: error: ld returned 1 exit status
CMakeFiles/cmTC_b72bd.dir/build.make:97: recipe for target 'cmTC_b72bd' failed
make[1]: *** [cmTC_b72bd] Error 1
make[1]: Leaving directory '/home/xuxuxu/b/cmake/仿射变换1/build/CMakeFiles/CMakeTmp'
Makefile:126: recipe for target 'cmTC_b72bd/fast' failed
make: *** [cmTC_b72bd/fast] Error 2

File /home/xuxuxu/b/cmake/仿射变换1/build/CMakeFiles/CMakeTmp/CheckSymbolExists.c:
/* */
#include <pthread.h>

int main(int argc, char** argv)
{
  (void)argv;
#ifndef pthread_create
  return ((int*)(&pthread_create))[argc];
#else
  (void)argc;
  return 0;
#endif
}

Determining if the function pthread_create exists in the pthreads failed with the following output:
Change Dir: /home/xuxuxu/b/cmake/仿射变换1/build/CMakeFiles/CMakeTmp

Run Build Command:"/usr/bin/make" "cmTC_7b1b5/fast"
/usr/bin/make -f CMakeFiles/cmTC_7b1b5.dir/build.make CMakeFiles/cmTC_7b1b5.dir/build
make[1]: Entering directory '/home/xuxuxu/b/cmake/仿射变换1/build/CMakeFiles/CMakeTmp'
Building C object CMakeFiles/cmTC_7b1b5.dir/CheckFunctionExists.c.o
/usr/bin/cc    -fPIC -DCHECK_FUNCTION_EXISTS=pthread_create   -o CMakeFiles/cmTC_7b1b5.dir/CheckFunctionExists.c.o   -c /usr/share/cmake-3.5/Modules/CheckFunctionExists.c
Linking C executable cmTC_7b1b5
/usr/bin/cmake -E cmake_link_script CMakeFiles/cmTC_7b1b5.dir/link.txt --verbose=1
/usr/bin/cc  -fPIC -DCHECK_FUNCTION_EXISTS=pthread_create    CMakeFiles/cmTC_7b1b5.dir/CheckFunctionExists.c.o  -o cmTC_7b1b5 -rdynamic -lpthreads 
/usr/bin/ld: 找不到 -lpthreads
collect2: error: ld returned 1 exit status
CMakeFiles/cmTC_7b1b5.dir/build.make:97: recipe for target 'cmTC_7b1b5' failed
make[1]: *** [cmTC_7b1b5] Error 1
make[1]: Leaving directory '/home/xuxuxu/b/cmake/仿射变换1/build/CMakeFiles/CMakeTmp'
Makefile:126: recipe for target 'cmTC_7b1b5/fast' failed
make: *** [cmTC_7b1b5/fast] Error 2


