Determining if the pthread_create exist failed with the following output:
Change Dir: /home/xuxuxu/b/cmake/去除背景/build/CMakeFiles/CMakeTmp

Run Build Command:"/usr/bin/make" "cmTC_ca4e0/fast"
/usr/bin/make -f CMakeFiles/cmTC_ca4e0.dir/build.make CMakeFiles/cmTC_ca4e0.dir/build
make[1]: Entering directory '/home/xuxuxu/b/cmake/去除背景/build/CMakeFiles/CMakeTmp'
Building C object CMakeFiles/cmTC_ca4e0.dir/CheckSymbolExists.c.o
/usr/bin/cc    -fPIC    -o CMakeFiles/cmTC_ca4e0.dir/CheckSymbolExists.c.o   -c /home/xuxuxu/b/cmake/去除背景/build/CMakeFiles/CMakeTmp/CheckSymbolExists.c
Linking C executable cmTC_ca4e0
/usr/bin/cmake -E cmake_link_script CMakeFiles/cmTC_ca4e0.dir/link.txt --verbose=1
/usr/bin/cc  -fPIC     CMakeFiles/cmTC_ca4e0.dir/CheckSymbolExists.c.o  -o cmTC_ca4e0 -rdynamic 
CMakeFiles/cmTC_ca4e0.dir/CheckSymbolExists.c.o：在函数‘main’中：
CheckSymbolExists.c:(.text+0x1b)：对‘pthread_create’未定义的引用
collect2: error: ld returned 1 exit status
CMakeFiles/cmTC_ca4e0.dir/build.make:97: recipe for target 'cmTC_ca4e0' failed
make[1]: *** [cmTC_ca4e0] Error 1
make[1]: Leaving directory '/home/xuxuxu/b/cmake/去除背景/build/CMakeFiles/CMakeTmp'
Makefile:126: recipe for target 'cmTC_ca4e0/fast' failed
make: *** [cmTC_ca4e0/fast] Error 2

File /home/xuxuxu/b/cmake/去除背景/build/CMakeFiles/CMakeTmp/CheckSymbolExists.c:
/* */
#include <pthread.h>

int main(int argc, char** argv)
{
  (void)argv;
#ifndef pthread_create
  return ((int*)(&pthread_create))[argc];
#else
  (void)argc;
  return 0;
#endif
}

Determining if the function pthread_create exists in the pthreads failed with the following output:
Change Dir: /home/xuxuxu/b/cmake/去除背景/build/CMakeFiles/CMakeTmp

Run Build Command:"/usr/bin/make" "cmTC_2aa7d/fast"
/usr/bin/make -f CMakeFiles/cmTC_2aa7d.dir/build.make CMakeFiles/cmTC_2aa7d.dir/build
make[1]: Entering directory '/home/xuxuxu/b/cmake/去除背景/build/CMakeFiles/CMakeTmp'
Building C object CMakeFiles/cmTC_2aa7d.dir/CheckFunctionExists.c.o
/usr/bin/cc    -fPIC -DCHECK_FUNCTION_EXISTS=pthread_create   -o CMakeFiles/cmTC_2aa7d.dir/CheckFunctionExists.c.o   -c /usr/share/cmake-3.5/Modules/CheckFunctionExists.c
Linking C executable cmTC_2aa7d
/usr/bin/cmake -E cmake_link_script CMakeFiles/cmTC_2aa7d.dir/link.txt --verbose=1
/usr/bin/cc  -fPIC -DCHECK_FUNCTION_EXISTS=pthread_create    CMakeFiles/cmTC_2aa7d.dir/CheckFunctionExists.c.o  -o cmTC_2aa7d -rdynamic -lpthreads 
/usr/bin/ld: 找不到 -lpthreads
collect2: error: ld returned 1 exit status
CMakeFiles/cmTC_2aa7d.dir/build.make:97: recipe for target 'cmTC_2aa7d' failed
make[1]: *** [cmTC_2aa7d] Error 1
make[1]: Leaving directory '/home/xuxuxu/b/cmake/去除背景/build/CMakeFiles/CMakeTmp'
Makefile:126: recipe for target 'cmTC_2aa7d/fast' failed
make: *** [cmTC_2aa7d/fast] Error 2


