Determining if the pthread_create exist failed with the following output:
Change Dir: /home/xuxuxu/b/cmake/去除视频中的背景光/build/CMakeFiles/CMakeTmp

Run Build Command:"/usr/bin/make" "cmTC_dc52a/fast"
/usr/bin/make -f CMakeFiles/cmTC_dc52a.dir/build.make CMakeFiles/cmTC_dc52a.dir/build
make[1]: Entering directory '/home/xuxuxu/b/cmake/去除视频中的背景光/build/CMakeFiles/CMakeTmp'
Building C object CMakeFiles/cmTC_dc52a.dir/CheckSymbolExists.c.o
/usr/bin/cc    -fPIC    -o CMakeFiles/cmTC_dc52a.dir/CheckSymbolExists.c.o   -c /home/xuxuxu/b/cmake/去除视频中的背景光/build/CMakeFiles/CMakeTmp/CheckSymbolExists.c
Linking C executable cmTC_dc52a
/usr/bin/cmake -E cmake_link_script CMakeFiles/cmTC_dc52a.dir/link.txt --verbose=1
/usr/bin/cc  -fPIC     CMakeFiles/cmTC_dc52a.dir/CheckSymbolExists.c.o  -o cmTC_dc52a -rdynamic 
CMakeFiles/cmTC_dc52a.dir/CheckSymbolExists.c.o：在函数‘main’中：
CheckSymbolExists.c:(.text+0x1b)：对‘pthread_create’未定义的引用
collect2: error: ld returned 1 exit status
CMakeFiles/cmTC_dc52a.dir/build.make:97: recipe for target 'cmTC_dc52a' failed
make[1]: *** [cmTC_dc52a] Error 1
make[1]: Leaving directory '/home/xuxuxu/b/cmake/去除视频中的背景光/build/CMakeFiles/CMakeTmp'
Makefile:126: recipe for target 'cmTC_dc52a/fast' failed
make: *** [cmTC_dc52a/fast] Error 2

File /home/xuxuxu/b/cmake/去除视频中的背景光/build/CMakeFiles/CMakeTmp/CheckSymbolExists.c:
/* */
#include <pthread.h>

int main(int argc, char** argv)
{
  (void)argv;
#ifndef pthread_create
  return ((int*)(&pthread_create))[argc];
#else
  (void)argc;
  return 0;
#endif
}

Determining if the function pthread_create exists in the pthreads failed with the following output:
Change Dir: /home/xuxuxu/b/cmake/去除视频中的背景光/build/CMakeFiles/CMakeTmp

Run Build Command:"/usr/bin/make" "cmTC_f38ef/fast"
/usr/bin/make -f CMakeFiles/cmTC_f38ef.dir/build.make CMakeFiles/cmTC_f38ef.dir/build
make[1]: Entering directory '/home/xuxuxu/b/cmake/去除视频中的背景光/build/CMakeFiles/CMakeTmp'
Building C object CMakeFiles/cmTC_f38ef.dir/CheckFunctionExists.c.o
/usr/bin/cc    -fPIC -DCHECK_FUNCTION_EXISTS=pthread_create   -o CMakeFiles/cmTC_f38ef.dir/CheckFunctionExists.c.o   -c /usr/share/cmake-3.5/Modules/CheckFunctionExists.c
Linking C executable cmTC_f38ef
/usr/bin/cmake -E cmake_link_script CMakeFiles/cmTC_f38ef.dir/link.txt --verbose=1
/usr/bin/cc  -fPIC -DCHECK_FUNCTION_EXISTS=pthread_create    CMakeFiles/cmTC_f38ef.dir/CheckFunctionExists.c.o  -o cmTC_f38ef -rdynamic -lpthreads 
/usr/bin/ld: 找不到 -lpthreads
collect2: error: ld returned 1 exit status
CMakeFiles/cmTC_f38ef.dir/build.make:97: recipe for target 'cmTC_f38ef' failed
make[1]: *** [cmTC_f38ef] Error 1
make[1]: Leaving directory '/home/xuxuxu/b/cmake/去除视频中的背景光/build/CMakeFiles/CMakeTmp'
Makefile:126: recipe for target 'cmTC_f38ef/fast' failed
make: *** [cmTC_f38ef/fast] Error 2


