Determining if the pthread_create exist failed with the following output:
Change Dir: /home/xuxuxu/b/cmake/调用摄像头并canny/build/CMakeFiles/CMakeTmp

Run Build Command:"/usr/bin/make" "cmTC_ea589/fast"
/usr/bin/make -f CMakeFiles/cmTC_ea589.dir/build.make CMakeFiles/cmTC_ea589.dir/build
make[1]: Entering directory '/home/xuxuxu/b/cmake/调用摄像头并canny/build/CMakeFiles/CMakeTmp'
Building C object CMakeFiles/cmTC_ea589.dir/CheckSymbolExists.c.o
/usr/bin/cc    -fPIC    -o CMakeFiles/cmTC_ea589.dir/CheckSymbolExists.c.o   -c /home/xuxuxu/b/cmake/调用摄像头并canny/build/CMakeFiles/CMakeTmp/CheckSymbolExists.c
Linking C executable cmTC_ea589
/usr/bin/cmake -E cmake_link_script CMakeFiles/cmTC_ea589.dir/link.txt --verbose=1
/usr/bin/cc  -fPIC     CMakeFiles/cmTC_ea589.dir/CheckSymbolExists.c.o  -o cmTC_ea589 -rdynamic 
CMakeFiles/cmTC_ea589.dir/CheckSymbolExists.c.o：在函数‘main’中：
CheckSymbolExists.c:(.text+0x1b)：对‘pthread_create’未定义的引用
collect2: error: ld returned 1 exit status
CMakeFiles/cmTC_ea589.dir/build.make:97: recipe for target 'cmTC_ea589' failed
make[1]: *** [cmTC_ea589] Error 1
make[1]: Leaving directory '/home/xuxuxu/b/cmake/调用摄像头并canny/build/CMakeFiles/CMakeTmp'
Makefile:126: recipe for target 'cmTC_ea589/fast' failed
make: *** [cmTC_ea589/fast] Error 2

File /home/xuxuxu/b/cmake/调用摄像头并canny/build/CMakeFiles/CMakeTmp/CheckSymbolExists.c:
/* */
#include <pthread.h>

int main(int argc, char** argv)
{
  (void)argv;
#ifndef pthread_create
  return ((int*)(&pthread_create))[argc];
#else
  (void)argc;
  return 0;
#endif
}

Determining if the function pthread_create exists in the pthreads failed with the following output:
Change Dir: /home/xuxuxu/b/cmake/调用摄像头并canny/build/CMakeFiles/CMakeTmp

Run Build Command:"/usr/bin/make" "cmTC_31a3e/fast"
/usr/bin/make -f CMakeFiles/cmTC_31a3e.dir/build.make CMakeFiles/cmTC_31a3e.dir/build
make[1]: Entering directory '/home/xuxuxu/b/cmake/调用摄像头并canny/build/CMakeFiles/CMakeTmp'
Building C object CMakeFiles/cmTC_31a3e.dir/CheckFunctionExists.c.o
/usr/bin/cc    -fPIC -DCHECK_FUNCTION_EXISTS=pthread_create   -o CMakeFiles/cmTC_31a3e.dir/CheckFunctionExists.c.o   -c /usr/share/cmake-3.5/Modules/CheckFunctionExists.c
Linking C executable cmTC_31a3e
/usr/bin/cmake -E cmake_link_script CMakeFiles/cmTC_31a3e.dir/link.txt --verbose=1
/usr/bin/cc  -fPIC -DCHECK_FUNCTION_EXISTS=pthread_create    CMakeFiles/cmTC_31a3e.dir/CheckFunctionExists.c.o  -o cmTC_31a3e -rdynamic -lpthreads 
/usr/bin/ld: 找不到 -lpthreads
collect2: error: ld returned 1 exit status
CMakeFiles/cmTC_31a3e.dir/build.make:97: recipe for target 'cmTC_31a3e' failed
make[1]: *** [cmTC_31a3e] Error 1
make[1]: Leaving directory '/home/xuxuxu/b/cmake/调用摄像头并canny/build/CMakeFiles/CMakeTmp'
Makefile:126: recipe for target 'cmTC_31a3e/fast' failed
make: *** [cmTC_31a3e/fast] Error 2


