Determining if the pthread_create exist failed with the following output:
Change Dir: /home/hitcrt/code/floor_fit_cloud/cmake-build-debug/CMakeFiles/CMakeTmp

Run Build Command:"/usr/bin/make" "cmTC_76a98/fast"
/usr/bin/make -f CMakeFiles/cmTC_76a98.dir/build.make CMakeFiles/cmTC_76a98.dir/build
make[1]: Entering directory '/home/hitcrt/code/floor_fit_cloud/cmake-build-debug/CMakeFiles/CMakeTmp'
Building C object CMakeFiles/cmTC_76a98.dir/CheckSymbolExists.c.o
/usr/bin/cc     -o CMakeFiles/cmTC_76a98.dir/CheckSymbolExists.c.o   -c /home/hitcrt/code/floor_fit_cloud/cmake-build-debug/CMakeFiles/CMakeTmp/CheckSymbolExists.c
Linking C executable cmTC_76a98
/home/hitcrt/lab/clion-2017.1.1/bin/cmake/bin/cmake -E cmake_link_script CMakeFiles/cmTC_76a98.dir/link.txt --verbose=1
/usr/bin/cc       CMakeFiles/cmTC_76a98.dir/CheckSymbolExists.c.o  -o cmTC_76a98 
CMakeFiles/cmTC_76a98.dir/CheckSymbolExists.c.o: In function `main':
CheckSymbolExists.c:(.text+0x16): undefined reference to `pthread_create'
collect2: error: ld returned 1 exit status
CMakeFiles/cmTC_76a98.dir/build.make:97: recipe for target 'cmTC_76a98' failed
make[1]: *** [cmTC_76a98] Error 1
make[1]: Leaving directory '/home/hitcrt/code/floor_fit_cloud/cmake-build-debug/CMakeFiles/CMakeTmp'
Makefile:126: recipe for target 'cmTC_76a98/fast' failed
make: *** [cmTC_76a98/fast] Error 2

File /home/hitcrt/code/floor_fit_cloud/cmake-build-debug/CMakeFiles/CMakeTmp/CheckSymbolExists.c:
/* */
#include <pthread.h>

int main(int argc, char** argv)
{
  (void)argv;
#ifndef pthread_create
  return ((int*)(&pthread_create))[argc];
#else
  (void)argc;
  return 0;
#endif
}

Determining if the function pthread_create exists in the pthreads failed with the following output:
Change Dir: /home/hitcrt/code/floor_fit_cloud/cmake-build-debug/CMakeFiles/CMakeTmp

Run Build Command:"/usr/bin/make" "cmTC_d6bfa/fast"
/usr/bin/make -f CMakeFiles/cmTC_d6bfa.dir/build.make CMakeFiles/cmTC_d6bfa.dir/build
make[1]: Entering directory '/home/hitcrt/code/floor_fit_cloud/cmake-build-debug/CMakeFiles/CMakeTmp'
Building C object CMakeFiles/cmTC_d6bfa.dir/CheckFunctionExists.c.o
/usr/bin/cc    -DCHECK_FUNCTION_EXISTS=pthread_create   -o CMakeFiles/cmTC_d6bfa.dir/CheckFunctionExists.c.o   -c /home/hitcrt/lab/clion-2017.1.1/bin/cmake/share/cmake-3.7/Modules/CheckFunctionExists.c
Linking C executable cmTC_d6bfa
/home/hitcrt/lab/clion-2017.1.1/bin/cmake/bin/cmake -E cmake_link_script CMakeFiles/cmTC_d6bfa.dir/link.txt --verbose=1
/usr/bin/cc   -DCHECK_FUNCTION_EXISTS=pthread_create    CMakeFiles/cmTC_d6bfa.dir/CheckFunctionExists.c.o  -o cmTC_d6bfa -lpthreads 
/usr/bin/ld: cannot find -lpthreads
collect2: error: ld returned 1 exit status
CMakeFiles/cmTC_d6bfa.dir/build.make:97: recipe for target 'cmTC_d6bfa' failed
make[1]: *** [cmTC_d6bfa] Error 1
make[1]: Leaving directory '/home/hitcrt/code/floor_fit_cloud/cmake-build-debug/CMakeFiles/CMakeTmp'
Makefile:126: recipe for target 'cmTC_d6bfa/fast' failed
make: *** [cmTC_d6bfa/fast] Error 2


