Determining if the pthread_create exist failed with the following output:
Change Dir: /home/xuxuxu/b/cmake/椒盐噪声/build/CMakeFiles/CMakeTmp

Run Build Command:"/usr/bin/make" "cmTC_76936/fast"
/usr/bin/make -f CMakeFiles/cmTC_76936.dir/build.make CMakeFiles/cmTC_76936.dir/build
make[1]: Entering directory '/home/xuxuxu/b/cmake/椒盐噪声/build/CMakeFiles/CMakeTmp'
Building C object CMakeFiles/cmTC_76936.dir/CheckSymbolExists.c.o
/usr/bin/cc    -fPIC    -o CMakeFiles/cmTC_76936.dir/CheckSymbolExists.c.o   -c /home/xuxuxu/b/cmake/椒盐噪声/build/CMakeFiles/CMakeTmp/CheckSymbolExists.c
Linking C executable cmTC_76936
/usr/bin/cmake -E cmake_link_script CMakeFiles/cmTC_76936.dir/link.txt --verbose=1
/usr/bin/cc  -fPIC     CMakeFiles/cmTC_76936.dir/CheckSymbolExists.c.o  -o cmTC_76936 -rdynamic 
CMakeFiles/cmTC_76936.dir/CheckSymbolExists.c.o：在函数‘main’中：
CheckSymbolExists.c:(.text+0x1b)：对‘pthread_create’未定义的引用
collect2: error: ld returned 1 exit status
CMakeFiles/cmTC_76936.dir/build.make:97: recipe for target 'cmTC_76936' failed
make[1]: *** [cmTC_76936] Error 1
make[1]: Leaving directory '/home/xuxuxu/b/cmake/椒盐噪声/build/CMakeFiles/CMakeTmp'
Makefile:126: recipe for target 'cmTC_76936/fast' failed
make: *** [cmTC_76936/fast] Error 2

File /home/xuxuxu/b/cmake/椒盐噪声/build/CMakeFiles/CMakeTmp/CheckSymbolExists.c:
/* */
#include <pthread.h>

int main(int argc, char** argv)
{
  (void)argv;
#ifndef pthread_create
  return ((int*)(&pthread_create))[argc];
#else
  (void)argc;
  return 0;
#endif
}

Determining if the function pthread_create exists in the pthreads failed with the following output:
Change Dir: /home/xuxuxu/b/cmake/椒盐噪声/build/CMakeFiles/CMakeTmp

Run Build Command:"/usr/bin/make" "cmTC_85c95/fast"
/usr/bin/make -f CMakeFiles/cmTC_85c95.dir/build.make CMakeFiles/cmTC_85c95.dir/build
make[1]: Entering directory '/home/xuxuxu/b/cmake/椒盐噪声/build/CMakeFiles/CMakeTmp'
Building C object CMakeFiles/cmTC_85c95.dir/CheckFunctionExists.c.o
/usr/bin/cc    -fPIC -DCHECK_FUNCTION_EXISTS=pthread_create   -o CMakeFiles/cmTC_85c95.dir/CheckFunctionExists.c.o   -c /usr/share/cmake-3.5/Modules/CheckFunctionExists.c
Linking C executable cmTC_85c95
/usr/bin/cmake -E cmake_link_script CMakeFiles/cmTC_85c95.dir/link.txt --verbose=1
/usr/bin/cc  -fPIC -DCHECK_FUNCTION_EXISTS=pthread_create    CMakeFiles/cmTC_85c95.dir/CheckFunctionExists.c.o  -o cmTC_85c95 -rdynamic -lpthreads 
/usr/bin/ld: 找不到 -lpthreads
collect2: error: ld returned 1 exit status
CMakeFiles/cmTC_85c95.dir/build.make:97: recipe for target 'cmTC_85c95' failed
make[1]: *** [cmTC_85c95] Error 1
make[1]: Leaving directory '/home/xuxuxu/b/cmake/椒盐噪声/build/CMakeFiles/CMakeTmp'
Makefile:126: recipe for target 'cmTC_85c95/fast' failed
make: *** [cmTC_85c95/fast] Error 2


