Determining if the pthread_create exist failed with the following output:
Change Dir: /home/xuxuxu/b/cmake/FileStorage读操作/build/CMakeFiles/CMakeTmp

Run Build Command:"/usr/bin/make" "cmTC_e96bc/fast"
/usr/bin/make -f CMakeFiles/cmTC_e96bc.dir/build.make CMakeFiles/cmTC_e96bc.dir/build
make[1]: Entering directory '/home/xuxuxu/b/cmake/FileStorage读操作/build/CMakeFiles/CMakeTmp'
Building C object CMakeFiles/cmTC_e96bc.dir/CheckSymbolExists.c.o
/usr/bin/cc    -fPIC    -o CMakeFiles/cmTC_e96bc.dir/CheckSymbolExists.c.o   -c /home/xuxuxu/b/cmake/FileStorage读操作/build/CMakeFiles/CMakeTmp/CheckSymbolExists.c
Linking C executable cmTC_e96bc
/usr/bin/cmake -E cmake_link_script CMakeFiles/cmTC_e96bc.dir/link.txt --verbose=1
/usr/bin/cc  -fPIC     CMakeFiles/cmTC_e96bc.dir/CheckSymbolExists.c.o  -o cmTC_e96bc -rdynamic 
CMakeFiles/cmTC_e96bc.dir/CheckSymbolExists.c.o：在函数‘main’中：
CheckSymbolExists.c:(.text+0x1b)：对‘pthread_create’未定义的引用
collect2: error: ld returned 1 exit status
CMakeFiles/cmTC_e96bc.dir/build.make:97: recipe for target 'cmTC_e96bc' failed
make[1]: *** [cmTC_e96bc] Error 1
make[1]: Leaving directory '/home/xuxuxu/b/cmake/FileStorage读操作/build/CMakeFiles/CMakeTmp'
Makefile:126: recipe for target 'cmTC_e96bc/fast' failed
make: *** [cmTC_e96bc/fast] Error 2

File /home/xuxuxu/b/cmake/FileStorage读操作/build/CMakeFiles/CMakeTmp/CheckSymbolExists.c:
/* */
#include <pthread.h>

int main(int argc, char** argv)
{
  (void)argv;
#ifndef pthread_create
  return ((int*)(&pthread_create))[argc];
#else
  (void)argc;
  return 0;
#endif
}

Determining if the function pthread_create exists in the pthreads failed with the following output:
Change Dir: /home/xuxuxu/b/cmake/FileStorage读操作/build/CMakeFiles/CMakeTmp

Run Build Command:"/usr/bin/make" "cmTC_31300/fast"
/usr/bin/make -f CMakeFiles/cmTC_31300.dir/build.make CMakeFiles/cmTC_31300.dir/build
make[1]: Entering directory '/home/xuxuxu/b/cmake/FileStorage读操作/build/CMakeFiles/CMakeTmp'
Building C object CMakeFiles/cmTC_31300.dir/CheckFunctionExists.c.o
/usr/bin/cc    -fPIC -DCHECK_FUNCTION_EXISTS=pthread_create   -o CMakeFiles/cmTC_31300.dir/CheckFunctionExists.c.o   -c /usr/share/cmake-3.5/Modules/CheckFunctionExists.c
Linking C executable cmTC_31300
/usr/bin/cmake -E cmake_link_script CMakeFiles/cmTC_31300.dir/link.txt --verbose=1
/usr/bin/cc  -fPIC -DCHECK_FUNCTION_EXISTS=pthread_create    CMakeFiles/cmTC_31300.dir/CheckFunctionExists.c.o  -o cmTC_31300 -rdynamic -lpthreads 
/usr/bin/ld: 找不到 -lpthreads
collect2: error: ld returned 1 exit status
CMakeFiles/cmTC_31300.dir/build.make:97: recipe for target 'cmTC_31300' failed
make[1]: *** [cmTC_31300] Error 1
make[1]: Leaving directory '/home/xuxuxu/b/cmake/FileStorage读操作/build/CMakeFiles/CMakeTmp'
Makefile:126: recipe for target 'cmTC_31300/fast' failed
make: *** [cmTC_31300/fast] Error 2


