Determining if the pthread_create exist failed with the following output:
Change Dir: /home/xuxuxu/b/cmake/人脸识别/build/CMakeFiles/CMakeTmp

Run Build Command:"/usr/bin/make" "cmTC_c9645/fast"
/usr/bin/make -f CMakeFiles/cmTC_c9645.dir/build.make CMakeFiles/cmTC_c9645.dir/build
make[1]: Entering directory '/home/xuxuxu/b/cmake/人脸识别/build/CMakeFiles/CMakeTmp'
Building C object CMakeFiles/cmTC_c9645.dir/CheckSymbolExists.c.o
/usr/bin/cc    -fPIC    -o CMakeFiles/cmTC_c9645.dir/CheckSymbolExists.c.o   -c /home/xuxuxu/b/cmake/人脸识别/build/CMakeFiles/CMakeTmp/CheckSymbolExists.c
Linking C executable cmTC_c9645
/usr/bin/cmake -E cmake_link_script CMakeFiles/cmTC_c9645.dir/link.txt --verbose=1
/usr/bin/cc  -fPIC     CMakeFiles/cmTC_c9645.dir/CheckSymbolExists.c.o  -o cmTC_c9645 -rdynamic 
CMakeFiles/cmTC_c9645.dir/CheckSymbolExists.c.o：在函数‘main’中：
CheckSymbolExists.c:(.text+0x1b)：对‘pthread_create’未定义的引用
collect2: error: ld returned 1 exit status
CMakeFiles/cmTC_c9645.dir/build.make:97: recipe for target 'cmTC_c9645' failed
make[1]: *** [cmTC_c9645] Error 1
make[1]: Leaving directory '/home/xuxuxu/b/cmake/人脸识别/build/CMakeFiles/CMakeTmp'
Makefile:126: recipe for target 'cmTC_c9645/fast' failed
make: *** [cmTC_c9645/fast] Error 2

File /home/xuxuxu/b/cmake/人脸识别/build/CMakeFiles/CMakeTmp/CheckSymbolExists.c:
/* */
#include <pthread.h>

int main(int argc, char** argv)
{
  (void)argv;
#ifndef pthread_create
  return ((int*)(&pthread_create))[argc];
#else
  (void)argc;
  return 0;
#endif
}

Determining if the function pthread_create exists in the pthreads failed with the following output:
Change Dir: /home/xuxuxu/b/cmake/人脸识别/build/CMakeFiles/CMakeTmp

Run Build Command:"/usr/bin/make" "cmTC_cd8e6/fast"
/usr/bin/make -f CMakeFiles/cmTC_cd8e6.dir/build.make CMakeFiles/cmTC_cd8e6.dir/build
make[1]: Entering directory '/home/xuxuxu/b/cmake/人脸识别/build/CMakeFiles/CMakeTmp'
Building C object CMakeFiles/cmTC_cd8e6.dir/CheckFunctionExists.c.o
/usr/bin/cc    -fPIC -DCHECK_FUNCTION_EXISTS=pthread_create   -o CMakeFiles/cmTC_cd8e6.dir/CheckFunctionExists.c.o   -c /usr/share/cmake-3.5/Modules/CheckFunctionExists.c
Linking C executable cmTC_cd8e6
/usr/bin/cmake -E cmake_link_script CMakeFiles/cmTC_cd8e6.dir/link.txt --verbose=1
/usr/bin/cc  -fPIC -DCHECK_FUNCTION_EXISTS=pthread_create    CMakeFiles/cmTC_cd8e6.dir/CheckFunctionExists.c.o  -o cmTC_cd8e6 -rdynamic -lpthreads 
/usr/bin/ld: 找不到 -lpthreads
collect2: error: ld returned 1 exit status
CMakeFiles/cmTC_cd8e6.dir/build.make:97: recipe for target 'cmTC_cd8e6' failed
make[1]: *** [cmTC_cd8e6] Error 1
make[1]: Leaving directory '/home/xuxuxu/b/cmake/人脸识别/build/CMakeFiles/CMakeTmp'
Makefile:126: recipe for target 'cmTC_cd8e6/fast' failed
make: *** [cmTC_cd8e6/fast] Error 2


