Determining if the pthread_create exist failed with the following output:
Change Dir: /home/xuxuxu/b/一个图像处理工程/build/CMakeFiles/CMakeTmp

Run Build Command:"/usr/bin/make" "cmTC_c97c0/fast"
/usr/bin/make -f CMakeFiles/cmTC_c97c0.dir/build.make CMakeFiles/cmTC_c97c0.dir/build
make[1]: Entering directory '/home/xuxuxu/b/一个图像处理工程/build/CMakeFiles/CMakeTmp'
Building C object CMakeFiles/cmTC_c97c0.dir/CheckSymbolExists.c.o
/usr/bin/cc    -fPIC    -o CMakeFiles/cmTC_c97c0.dir/CheckSymbolExists.c.o   -c /home/xuxuxu/b/一个图像处理工程/build/CMakeFiles/CMakeTmp/CheckSymbolExists.c
Linking C executable cmTC_c97c0
/usr/bin/cmake -E cmake_link_script CMakeFiles/cmTC_c97c0.dir/link.txt --verbose=1
/usr/bin/cc  -fPIC     CMakeFiles/cmTC_c97c0.dir/CheckSymbolExists.c.o  -o cmTC_c97c0 
CMakeFiles/cmTC_c97c0.dir/CheckSymbolExists.c.o：在函数‘main’中：
CheckSymbolExists.c:(.text+0x1b)：对‘pthread_create’未定义的引用
collect2: error: ld returned 1 exit status
CMakeFiles/cmTC_c97c0.dir/build.make:97: recipe for target 'cmTC_c97c0' failed
make[1]: *** [cmTC_c97c0] Error 1
make[1]: Leaving directory '/home/xuxuxu/b/一个图像处理工程/build/CMakeFiles/CMakeTmp'
Makefile:126: recipe for target 'cmTC_c97c0/fast' failed
make: *** [cmTC_c97c0/fast] Error 2

File /home/xuxuxu/b/一个图像处理工程/build/CMakeFiles/CMakeTmp/CheckSymbolExists.c:
/* */
#include <pthread.h>

int main(int argc, char** argv)
{
  (void)argv;
#ifndef pthread_create
  return ((int*)(&pthread_create))[argc];
#else
  (void)argc;
  return 0;
#endif
}

Determining if the function pthread_create exists in the pthreads failed with the following output:
Change Dir: /home/xuxuxu/b/一个图像处理工程/build/CMakeFiles/CMakeTmp

Run Build Command:"/usr/bin/make" "cmTC_68429/fast"
/usr/bin/make -f CMakeFiles/cmTC_68429.dir/build.make CMakeFiles/cmTC_68429.dir/build
make[1]: Entering directory '/home/xuxuxu/b/一个图像处理工程/build/CMakeFiles/CMakeTmp'
Building C object CMakeFiles/cmTC_68429.dir/CheckFunctionExists.c.o
/usr/bin/cc    -fPIC -DCHECK_FUNCTION_EXISTS=pthread_create   -o CMakeFiles/cmTC_68429.dir/CheckFunctionExists.c.o   -c /usr/share/cmake-3.5/Modules/CheckFunctionExists.c
Linking C executable cmTC_68429
/usr/bin/cmake -E cmake_link_script CMakeFiles/cmTC_68429.dir/link.txt --verbose=1
/usr/bin/cc  -fPIC -DCHECK_FUNCTION_EXISTS=pthread_create    CMakeFiles/cmTC_68429.dir/CheckFunctionExists.c.o  -o cmTC_68429 -lpthreads 
/usr/bin/ld: 找不到 -lpthreads
collect2: error: ld returned 1 exit status
CMakeFiles/cmTC_68429.dir/build.make:97: recipe for target 'cmTC_68429' failed
make[1]: *** [cmTC_68429] Error 1
make[1]: Leaving directory '/home/xuxuxu/b/一个图像处理工程/build/CMakeFiles/CMakeTmp'
Makefile:126: recipe for target 'cmTC_68429/fast' failed
make: *** [cmTC_68429/fast] Error 2


