Determining if the pthread_create exist failed with the following output:
Change Dir: /home/xuxuxu/b/视觉代码/floor_fit_cloud/build/CMakeFiles/CMakeTmp

Run Build Command:"/usr/bin/make" "cmTC_42d46/fast"
/usr/bin/make -f CMakeFiles/cmTC_42d46.dir/build.make CMakeFiles/cmTC_42d46.dir/build
make[1]: Entering directory '/home/xuxuxu/b/视觉代码/floor_fit_cloud/build/CMakeFiles/CMakeTmp'
Building C object CMakeFiles/cmTC_42d46.dir/CheckSymbolExists.c.o
/usr/bin/cc    -fPIC    -o CMakeFiles/cmTC_42d46.dir/CheckSymbolExists.c.o   -c /home/xuxuxu/b/视觉代码/floor_fit_cloud/build/CMakeFiles/CMakeTmp/CheckSymbolExists.c
Linking C executable cmTC_42d46
/usr/bin/cmake -E cmake_link_script CMakeFiles/cmTC_42d46.dir/link.txt --verbose=1
/usr/bin/cc  -fPIC     CMakeFiles/cmTC_42d46.dir/CheckSymbolExists.c.o  -o cmTC_42d46 
CMakeFiles/cmTC_42d46.dir/CheckSymbolExists.c.o：在函数‘main’中：
CheckSymbolExists.c:(.text+0x1b)：对‘pthread_create’未定义的引用
collect2: error: ld returned 1 exit status
CMakeFiles/cmTC_42d46.dir/build.make:97: recipe for target 'cmTC_42d46' failed
make[1]: *** [cmTC_42d46] Error 1
make[1]: Leaving directory '/home/xuxuxu/b/视觉代码/floor_fit_cloud/build/CMakeFiles/CMakeTmp'
Makefile:126: recipe for target 'cmTC_42d46/fast' failed
make: *** [cmTC_42d46/fast] Error 2

File /home/xuxuxu/b/视觉代码/floor_fit_cloud/build/CMakeFiles/CMakeTmp/CheckSymbolExists.c:
/* */
#include <pthread.h>

int main(int argc, char** argv)
{
  (void)argv;
#ifndef pthread_create
  return ((int*)(&pthread_create))[argc];
#else
  (void)argc;
  return 0;
#endif
}

Determining if the function pthread_create exists in the pthreads failed with the following output:
Change Dir: /home/xuxuxu/b/视觉代码/floor_fit_cloud/build/CMakeFiles/CMakeTmp

Run Build Command:"/usr/bin/make" "cmTC_cc49e/fast"
/usr/bin/make -f CMakeFiles/cmTC_cc49e.dir/build.make CMakeFiles/cmTC_cc49e.dir/build
make[1]: Entering directory '/home/xuxuxu/b/视觉代码/floor_fit_cloud/build/CMakeFiles/CMakeTmp'
Building C object CMakeFiles/cmTC_cc49e.dir/CheckFunctionExists.c.o
/usr/bin/cc    -fPIC -DCHECK_FUNCTION_EXISTS=pthread_create   -o CMakeFiles/cmTC_cc49e.dir/CheckFunctionExists.c.o   -c /usr/share/cmake-3.5/Modules/CheckFunctionExists.c
Linking C executable cmTC_cc49e
/usr/bin/cmake -E cmake_link_script CMakeFiles/cmTC_cc49e.dir/link.txt --verbose=1
/usr/bin/cc  -fPIC -DCHECK_FUNCTION_EXISTS=pthread_create    CMakeFiles/cmTC_cc49e.dir/CheckFunctionExists.c.o  -o cmTC_cc49e -lpthreads 
/usr/bin/ld: 找不到 -lpthreads
collect2: error: ld returned 1 exit status
CMakeFiles/cmTC_cc49e.dir/build.make:97: recipe for target 'cmTC_cc49e' failed
make[1]: *** [cmTC_cc49e] Error 1
make[1]: Leaving directory '/home/xuxuxu/b/视觉代码/floor_fit_cloud/build/CMakeFiles/CMakeTmp'
Makefile:126: recipe for target 'cmTC_cc49e/fast' failed
make: *** [cmTC_cc49e/fast] Error 2


