Determining if the pthread_create exist failed with the following output:
Change Dir: /home/xuxuxu/b/cmake/调用摄像头/build/CMakeFiles/CMakeTmp

Run Build Command:"/usr/bin/make" "cmTC_eeee9/fast"
make[1]: Entering directory '/home/xuxuxu/b/cmake/调用摄像头/build/CMakeFiles/CMakeTmp'
/usr/bin/make -f CMakeFiles/cmTC_eeee9.dir/build.make CMakeFiles/cmTC_eeee9.dir/build
make[2]: Entering directory '/home/xuxuxu/b/cmake/调用摄像头/build/CMakeFiles/CMakeTmp'
Building C object CMakeFiles/cmTC_eeee9.dir/CheckSymbolExists.c.o
/usr/bin/cc    -fPIC    -o CMakeFiles/cmTC_eeee9.dir/CheckSymbolExists.c.o   -c /home/xuxuxu/b/cmake/调用摄像头/build/CMakeFiles/CMakeTmp/CheckSymbolExists.c
Linking C executable cmTC_eeee9
/usr/bin/cmake -E cmake_link_script CMakeFiles/cmTC_eeee9.dir/link.txt --verbose=1
/usr/bin/cc  -fPIC     CMakeFiles/cmTC_eeee9.dir/CheckSymbolExists.c.o  -o cmTC_eeee9 -rdynamic 
CMakeFiles/cmTC_eeee9.dir/CheckSymbolExists.c.o：在函数‘main’中：
CheckSymbolExists.c:(.text+0x1b)：对‘pthread_create’未定义的引用
collect2: error: ld returned 1 exit status
CMakeFiles/cmTC_eeee9.dir/build.make:97: recipe for target 'cmTC_eeee9' failed
make[2]: *** [cmTC_eeee9] Error 1
make[2]: Leaving directory '/home/xuxuxu/b/cmake/调用摄像头/build/CMakeFiles/CMakeTmp'
Makefile:126: recipe for target 'cmTC_eeee9/fast' failed
make[1]: *** [cmTC_eeee9/fast] Error 2
make[1]: Leaving directory '/home/xuxuxu/b/cmake/调用摄像头/build/CMakeFiles/CMakeTmp'

File /home/xuxuxu/b/cmake/调用摄像头/build/CMakeFiles/CMakeTmp/CheckSymbolExists.c:
/* */
#include <pthread.h>

int main(int argc, char** argv)
{
  (void)argv;
#ifndef pthread_create
  return ((int*)(&pthread_create))[argc];
#else
  (void)argc;
  return 0;
#endif
}

Determining if the function pthread_create exists in the pthreads failed with the following output:
Change Dir: /home/xuxuxu/b/cmake/调用摄像头/build/CMakeFiles/CMakeTmp

Run Build Command:"/usr/bin/make" "cmTC_b796d/fast"
make[1]: Entering directory '/home/xuxuxu/b/cmake/调用摄像头/build/CMakeFiles/CMakeTmp'
/usr/bin/make -f CMakeFiles/cmTC_b796d.dir/build.make CMakeFiles/cmTC_b796d.dir/build
make[2]: Entering directory '/home/xuxuxu/b/cmake/调用摄像头/build/CMakeFiles/CMakeTmp'
Building C object CMakeFiles/cmTC_b796d.dir/CheckFunctionExists.c.o
/usr/bin/cc    -fPIC -DCHECK_FUNCTION_EXISTS=pthread_create   -o CMakeFiles/cmTC_b796d.dir/CheckFunctionExists.c.o   -c /usr/share/cmake-3.5/Modules/CheckFunctionExists.c
Linking C executable cmTC_b796d
/usr/bin/cmake -E cmake_link_script CMakeFiles/cmTC_b796d.dir/link.txt --verbose=1
/usr/bin/cc  -fPIC -DCHECK_FUNCTION_EXISTS=pthread_create    CMakeFiles/cmTC_b796d.dir/CheckFunctionExists.c.o  -o cmTC_b796d -rdynamic -lpthreads 
/usr/bin/ld: 找不到 -lpthreads
collect2: error: ld returned 1 exit status
CMakeFiles/cmTC_b796d.dir/build.make:97: recipe for target 'cmTC_b796d' failed
make[2]: *** [cmTC_b796d] Error 1
make[2]: Leaving directory '/home/xuxuxu/b/cmake/调用摄像头/build/CMakeFiles/CMakeTmp'
Makefile:126: recipe for target 'cmTC_b796d/fast' failed
make[1]: *** [cmTC_b796d/fast] Error 2
make[1]: Leaving directory '/home/xuxuxu/b/cmake/调用摄像头/build/CMakeFiles/CMakeTmp'


